2020-05-28 18:55:57.604 +03:00 [Information] Program Started!
2020-05-28 18:55:57.687 +03:00 [Information] Starting Bot
2020-05-28 18:56:04.331 +03:00 [Information] Получили сообщение из чата(294216632) от пользователя Сергей  с ID:294216632:Рр
2020-05-28 18:56:08.459 +03:00 [Information] Получили сообщение из чата(294216632) от пользователя Сергей  с ID:294216632:Hi
2020-05-28 18:56:10.394 +03:00 [Information] Получили сообщение из чата(294216632) от пользователя Сергей  с ID:294216632:/start
2020-05-28 18:56:10.579 +03:00 [Information] Юхууу, у нас новый пользователь:Сергей (MRSVINC) c ID: 294216632
2020-05-28 18:56:16.736 +03:00 [Information] Получили сообщение из чата(294216632) от пользователя Сергей  с ID:294216632:/donate
2020-05-28 18:56:16.839 +03:00 [Information] Отправили данные по товарам в чат (294216632)
2020-05-28 18:56:20.230 +03:00 [Information] Получили сообщение из чата(294216632) от пользователя Сергей  с ID:294216632:/allwords
2020-05-28 18:56:24.244 +03:00 [Information] Получили сообщение из чата(294216632) от пользователя Сергей  с ID:294216632:/payment
2020-05-28 18:56:24.377 +03:00 [Information] Отправили отказ (нет товаров) в чат (294216632)
2020-05-28 18:56:26.951 +03:00 [Information] Получили сообщение из чата(294216632) от пользователя Сергей  с ID:294216632:/donate
2020-05-28 18:56:27.074 +03:00 [Information] Отправили данные по товарам в чат (294216632)
2020-05-28 18:56:31.224 +03:00 [Information] Получили сообщение из чата(294216632) от пользователя Сергей  с ID:294216632:Монета 1
2020-05-28 18:56:31.311 +03:00 [Information] Успешно добавили донат для оплаты (294216632)
2020-05-28 18:56:34.166 +03:00 [Information] Получили сообщение из чата(294216632) от пользователя Сергей  с ID:294216632:/payment
2020-05-28 18:56:34.351 +03:00 [Error] Не смогли провести платёж😭
Telegram.Bot.Exceptions.ApiRequestException: Bad Request: PAYMENT_PROVIDER_INVALID
   at Telegram.Bot.TelegramBotClient.MakeRequestAsync[TResponse](IRequest`1 request, CancellationToken cancellationToken)
   at LiqPayBot_Telegram.Program.HandlePayment(Int32 chatId) in D:\alt255\Боты C#\LiqPayBot_Telegram\LiqPayBot_Telegram\Program.cs:line 243
2020-05-28 18:57:42.554 +03:00 [Information] Program Started!
2020-05-28 18:57:42.638 +03:00 [Information] Starting Bot
2020-05-28 18:57:46.136 +03:00 [Information] Получили сообщение из чата(294216632) от пользователя Сергей  с ID:294216632:/payment
2020-05-28 18:57:46.266 +03:00 [Information] Отправили отказ (нет товаров) в чат (294216632)
2020-05-28 18:57:50.545 +03:00 [Information] Получили сообщение из чата(294216632) от пользователя Сергей  с ID:294216632:Монета 1
2020-05-28 18:57:50.639 +03:00 [Information] Успешно добавили донат для оплаты (294216632)
2020-05-28 18:57:54.181 +03:00 [Information] Получили сообщение из чата(294216632) от пользователя Сергей  с ID:294216632:/payment
2020-05-28 18:57:54.313 +03:00 [Information] Отправили инвойс в чат (294216632)
2020-05-28 18:59:47.480 +03:00 [Information] Program Started!
2020-05-28 18:59:47.558 +03:00 [Information] Starting Bot
2020-05-28 18:59:54.940 +03:00 [Information] Получили сообщение из чата(294216632) от пользователя Сергей  с ID:294216632:clrscr
2020-05-28 19:00:35.670 +03:00 [Information] Получили сообщение из чата(294216632) от пользователя Сергей  с ID:294216632:очистка
2020-05-28 19:00:35.793 +03:00 [Information] Очистили корзину пользователю Сергей  в чате:294216632
2020-05-28 19:00:40.234 +03:00 [Information] Получили сообщение из чата(294216632) от пользователя Сергей  с ID:294216632:Очистка
2020-05-28 19:01:42.928 +03:00 [Information] Program Started!
2020-05-28 19:01:42.999 +03:00 [Information] Starting Bot
2020-05-28 19:01:48.385 +03:00 [Information] Получили сообщение из чата(294216632) от пользователя Сергей  с ID:294216632:Гав
2020-05-28 19:01:51.992 +03:00 [Information] Получили сообщение из чата(294216632) от пользователя Сергей  с ID:294216632:Очистка
2020-05-28 19:01:52.113 +03:00 [Information] Очистили корзину пользователю Сергей  в чате:294216632
2020-05-28 19:02:04.953 +03:00 [Information] Получили сообщение из чата(294216632) от пользователя Сергей  с ID:294216632:Контакты
2020-05-28 19:02:05.070 +03:00 [Information] Отправили контактные данные по запросу пользователя Сергей данные в чат (294216632)
